<?xml version="1.0" encoding="UTF-8"?>
<!-- Generated by org.testng.reporters.JUnitXMLReporter -->
<testsuite hostname="DESKTOP-6AV1G2T" ignored="2" name="Regression" tests="1" failures="0" timestamp="09 Jun 2018 22:01:02 GMT" time="0.033" errors="0">
  <testcase name="WebLogin" time="0.01" classname="test.Test1"/>
  <testcase name="WebLogin" time="0.0" classname="test.Login">
    <ignored/>
  </testcase> <!-- WebLogin -->
  <testcase name="LoginAPI" time="0.0" classname="test.Login">
    <ignored/>
  </testcase> <!-- LoginAPI -->
</testsuite> <!-- Regression -->
