<?xml version="1.0" encoding="UTF-8"?>
<!-- Generated by org.testng.reporters.JUnitXMLReporter -->
<testsuite hostname="DESKTOP-6AV1G2T" ignored="1" name="test" tests="2" failures="0" timestamp="09 Jun 2018 22:02:49 GMT" time="0.04" errors="0">
  <testcase name="WebLogin" time="0.012" classname="test.Test1"/>
  <testcase name="LoginAPI" time="0.003" classname="test.Login"/>
  <testcase name="WebLogin" time="0.0" classname="test.Login">
    <ignored/>
  </testcase> <!-- WebLogin -->
</testsuite> <!-- test -->
